SF:lib/domain/todo_item.dart
DA:9,3
DA:17,2
DA:18,1
DA:19,1
DA:20,1
DA:21,3
DA:22,3
DA:23,2
DA:34,2
DA:35,3
DA:36,3
DA:37,2
DA:38,2
DA:40,1
DA:41,1
DA:42,1
DA:43,1
DA:44,1
DA:45,3
DA:46,3
DA:47,1
DA:51,1
DA:53,4
LF:23
LH:23
end_of_record
SF:lib/presentation/todo_list/todo_list_model.dart
DA:14,1
DA:24,0
DA:25,0
DA:26,0
DA:29,1
DA:30,4
DA:31,1
DA:32,1
DA:35,1
DA:36,3
DA:37,1
DA:40,1
DA:41,3
DA:42,1
DA:45,0
DA:46,0
DA:47,0
DA:50,1
DA:52,1
DA:53,1
DA:55,0
DA:56,0
DA:59,3
DA:60,2
DA:63,1
DA:64,3
DA:67,2
DA:68,1
DA:69,1
LF:29
LH:21
end_of_record
SF:lib/presentation/todo_item_detail/todo_item_detail_model.dart
DA:13,1
DA:22,0
DA:23,0
DA:24,0
DA:27,1
DA:28,3
DA:29,0
DA:32,3
DA:33,1
DA:34,3
DA:35,1
DA:36,1
DA:37,1
DA:40,1
DA:41,1
DA:43,3
DA:44,3
DA:45,1
DA:47,3
DA:48,1
LF:20
LH:16
end_of_record
